<?xml version="1.0" encoding="UTF-8"?>
<!-- Generated by org.testng.reporters.JUnitReportReporter -->
<testsuite hostname="IND-L501" failures="0" tests="1" name="testcases.RunLogin" time="7.425" errors="0" timestamp="2023-10-02T22:48:42 IST" skipped="0">
  <testcase classname="testcases.RunLogin" name="runLogin" time="7.425"/>
  <system-out/>
</testsuite> <!-- testcases.RunLogin -->
