<?xml version="1.0" encoding="UTF-8"?>
<!-- Generated by org.testng.reporters.JUnitReportReporter -->
<testsuite hostname="IND-L501" failures="0" tests="1" name="testcases.CreateContact" time="17.215" errors="0" timestamp="2023-10-02T22:48:42 IST" skipped="0">
  <testcase classname="testcases.CreateContact" name="mergeLead" time="17.215"/>
  <system-out/>
</testsuite> <!-- testcases.CreateContact -->
