<?xml version="1.0" encoding="UTF-8"?>
<!-- Generated by org.testng.reporters.JUnitReportReporter -->
<testsuite hostname="IND-L501" failures="0" tests="1" name="testcases.MergeLead" time="27.021" errors="0" timestamp="2023-10-02T22:48:42 IST" skipped="0">
  <testcase classname="testcases.MergeLead" name="mergeLead" time="27.021"/>
  <system-out/>
</testsuite> <!-- testcases.MergeLead -->
