<?xml version="1.0" encoding="UTF-8"?>
<!-- Generated by org.testng.reporters.JUnitReportReporter -->
<testsuite hostname="IND-L501" failures="0" tests="1" name="testcases.EditLead" time="14.505" errors="0" timestamp="2023-10-02T22:48:42 IST" skipped="0">
  <testcase classname="testcases.EditLead" name="editLead" time="14.505"/>
  <system-out/>
</testsuite> <!-- testcases.EditLead -->
