<?xml version="1.0" encoding="UTF-8"?>
<!-- Generated by org.testng.reporters.JUnitReportReporter -->
<testsuite hostname="IND-L501" failures="0" tests="5" name="runner.Runner" time="5.861" errors="0" timestamp="2023-12-03T13:10:32 IST" skipped="0">
  <testcase classname="runner.Runner" name="runScenario" time="0.684"/>
  <system-out/>
  <testcase classname="runner.Runner" name="runScenario" time="0.786"/>
  <system-out/>
  <testcase classname="runner.Runner" name="runScenario" time="2.774"/>
  <system-out/>
  <testcase classname="runner.Runner" name="runScenario" time="0.941"/>
  <system-out/>
  <testcase classname="runner.Runner" name="runScenario" time="0.676"/>
  <system-out/>
</testsuite> <!-- runner.Runner -->
