<?xml version="1.0" encoding="UTF-8"?>
<!-- Generated by org.testng.reporters.JUnitReportReporter -->
<testsuite hostname="DESKTOP-BN3PUO8" failures="0" tests="6" name="runner.Runner" time="50.842" errors="0" timestamp="2023-12-02T17:40:50 IST" skipped="0">
  <testcase classname="runner.Runner" name="runScenario" time="4.220"/>
  <system-out/>
  <testcase classname="runner.Runner" name="runScenario" time="28.901"/>
  <system-out/>
  <testcase classname="runner.Runner" name="runScenario" time="4.148"/>
  <system-out/>
  <testcase classname="runner.Runner" name="runScenario" time="5.140"/>
  <system-out/>
  <testcase classname="runner.Runner" name="runScenario" time="4.093"/>
  <system-out/>
  <testcase classname="runner.Runner" name="runScenario" time="4.340"/>
  <system-out/>
</testsuite> <!-- runner.Runner -->
